<?xml version="1.0" encoding="UTF-8"?>
<!-- Generated by org.testng.reporters.JUnitReportReporter -->
<testsuite skipped="0" hostname="DESKTOP-MDL1HV2" name="DemoTestCase.DemoWebShop01" tests="2" failures="0" timestamp="2023-01-22T19:27:21 IST" time="5.148" errors="0">
  <testcase name="add" time="0.012" classname="DemoTestCase.DemoWebShop01"/>
  <system-out>
    <![CDATA[sonika]]>
  </system-out>
  <testcase name="apperal_Shoes" time="5.136" classname="DemoTestCase.DemoWebShop01"/>
  <system-out>
    <![CDATA[navigating to apparel and shoes page]]>
  </system-out>
</testsuite> <!-- DemoTestCase.DemoWebShop01 -->
