<?xml version="1.0" encoding="UTF-8"?>
<!-- Generated by org.testng.reporters.JUnitReportReporter -->
<testsuite skipped="0" hostname="DESKTOP-MDL1HV2" name="DemoTestCase.DemoWebShop" tests="2" failures="0" timestamp="2023-01-17T10:34:23 IST" time="6.192" errors="0">
  <testcase name="add" time="0.010" classname="DemoTestCase.DemoWebShop"/>
  <system-out>
    <![CDATA[sonika]]>
  </system-out>
  <testcase name="apperal_Shoes" time="6.182" classname="DemoTestCase.DemoWebShop"/>
  <system-out/>
</testsuite> <!-- DemoTestCase.DemoWebShop -->
