<?xml version="1.0" encoding="UTF-8"?>
<!-- Generated by org.testng.reporters.JUnitReportReporter -->
<testsuite skipped="0" hostname="DESKTOP-MDL1HV2" name="DemoTestCase.WishList07" tests="2" failures="0" timestamp="2023-01-21T11:44:26 IST" time="4.155" errors="0">
  <testcase name="Wishlist" time="4.135" classname="DemoTestCase.WishList07"/>
  <system-out>
    <![CDATA[ wishlist notification is displayed]]>
  </system-out>
  <testcase name="add" time="0.020" classname="DemoTestCase.WishList07"/>
  <system-out>
    <![CDATA[sonika]]>
  </system-out>
</testsuite> <!-- DemoTestCase.WishList07 -->
