<?xml version="1.0" encoding="UTF-8"?>
<!-- Generated by org.testng.reporters.JUnitReportReporter -->
<testsuite skipped="0" hostname="DESKTOP-MDL1HV2" name="DemoTestCase.CompareList08" tests="2" failures="0" timestamp="2023-01-21T12:11:53 IST" time="3.155" errors="0">
  <testcase name="add" time="0.010" classname="DemoTestCase.CompareList08"/>
  <system-out>
    <![CDATA[sonika]]>
  </system-out>
  <testcase name="CompareList" time="3.145" classname="DemoTestCase.CompareList08"/>
  <system-out>
    <![CDATA[https://demowebshop.tricentis.com/compareproducts
it is navigating to CompareList Page when we clicks on CompareList]]>
  </system-out>
</testsuite> <!-- DemoTestCase.CompareList08 -->
