<?xml version="1.0" encoding="UTF-8"?>
<!-- Generated by org.testng.reporters.JUnitReportReporter -->
<testsuite skipped="0" hostname="DESKTOP-MDL1HV2" name="DemoTestCase.AddToCartButton06" tests="2" failures="0" timestamp="2023-01-21T11:22:23 IST" time="4.101" errors="0">
  <testcase name="add" time="0.003" classname="DemoTestCase.AddToCartButton06"/>
  <system-out>
    <![CDATA[sonika]]>
  </system-out>
  <testcase name="Product" time="4.098" classname="DemoTestCase.AddToCartButton06"/>
  <system-out>
    <![CDATA[notification is displayed]]>
  </system-out>
</testsuite> <!-- DemoTestCase.AddToCartButton06 -->
