<?xml version="1.0" encoding="UTF-8"?>
<!-- Generated by org.testng.reporters.JUnitReportReporter -->
<testsuite skipped="0" hostname="DESKTOP-MDL1HV2" name="DemoTestCase.Product05" tests="2" failures="0" timestamp="2023-01-21T10:04:59 IST" time="8.334" errors="0">
  <testcase name="Product" time="8.321" classname="DemoTestCase.Product05"/>
  <system-out>
    <![CDATA[https://demowebshop.tricentis.com/50s-rockabilly-polka-dot-top-jr-plus-size
it is navigating to next when we clicks on product]]>
  </system-out>
  <testcase name="add" time="0.013" classname="DemoTestCase.Product05"/>
  <system-out>
    <![CDATA[sonika]]>
  </system-out>
</testsuite> <!-- DemoTestCase.Product05 -->
