<?xml version="1.0" encoding="UTF-8"?>
<!-- Generated by org.testng.reporters.JUnitReportReporter -->
<testsuite skipped="0" hostname="DESKTOP-MDL1HV2" name="DemoTestCase.Email09" tests="2" failures="0" timestamp="2023-01-21T12:33:55 IST" time="3.418" errors="0">
  <testcase name="add" time="0.008" classname="DemoTestCase.Email09"/>
  <system-out>
    <![CDATA[sonika]]>
  </system-out>
  <testcase name="Email" time="3.410" classname="DemoTestCase.Email09"/>
  <system-out>
    <![CDATA[https://demowebshop.tricentis.com/productemailafriend/5
it is navigating to CompareList Page when we clicks on Email a Friend button]]>
  </system-out>
</testsuite> <!-- DemoTestCase.Email09 -->
